<?xml version="1.0" encoding="UTF-8"?>
<!-- Generated by org.testng.reporters.JUnitXMLReporter -->
<testsuite ignored="0" hostname="LAPTOP-G492GM3K" failures="0" tests="4" name="Default test" time="43.83" errors="0" timestamp="2024-09-07T17:33:39 IST">
  <testcase classname="com.ae.testcases.Login" name="verifyLoginWithCorrectCredentials" time="2.552"/>
  <testcase classname="com.ae.testcases.Login" name="verifyLoginWithInvalidEmailAndValidPassword" time="2.088"/>
  <testcase classname="com.ae.testcases.Login" name="verifyLoginWithValidEmailAndInvalidPassword" time="1.949"/>
  <testcase classname="com.ae.testcases.Login" name="verifyLoginWithInvalidCredentials" time="2.106"/>
</testsuite> <!-- Default test -->
