<?xml version="1.0" encoding="UTF-8"?>
<!-- Generated by org.testng.reporters.JUnitXMLReporter -->
<testsuite ignored="0" hostname="LAPTOP-G492GM3K" failures="0" tests="6" name="Test" time="63.159" errors="0" timestamp="2024-09-07T13:35:56 IST">
  <testcase classname="com.ae.testcases.Login" name="verifyLoginWithCorrectCredentials" time="6.943"/>
  <testcase classname="com.ae.testcases.Login" name="verifyLoginWithInvalidEmailAndValidPassword" time="2.064"/>
  <testcase classname="com.ae.testcases.Login" name="verifyLoginWithValidEmailAndInvalidPassword" time="1.936"/>
  <testcase classname="com.ae.testcases.Login" name="verifyLoginWithInvalidCredentials" time="1.717"/>
  <testcase classname="com.ae.testcases.ContactUs" name="pageVisibility" time="0.076"/>
  <testcase classname="com.ae.testcases.ContactUs" name="contactusFormWithValidDetails" time="0.939"/>
</testsuite> <!-- Test -->
