<?xml version="1.0" encoding="UTF-8"?>
<testng-results ignored="0" total="4" passed="4" failed="0" skipped="0">
  <reporter-output>
  </reporter-output>
  <suite started-at="2024-09-07T17:32:55 IST" name="Default suite" finished-at="2024-09-07T17:33:39 IST" duration-ms="43830">
    <groups>
    </groups>
    <test started-at="2024-09-07T17:32:55 IST" name="Default test" finished-at="2024-09-07T17:33:39 IST" duration-ms="43830">
      <class name="com.ae.testcases.Login">
        <test-method is-config="true" signature="setup()[pri:0, instance:com.ae.testcases.Login@3e78b6a5]" started-at="2024-09-07T17:32:55 IST" name="setup" finished-at="2024-09-07T17:33:03 IST" duration-ms="7582" status="PASS">
          <reporter-output>
          </reporter-output>
        </test-method> <!-- setup -->
        <test-method signature="verifyLoginWithCorrectCredentials()[pri:1, instance:com.ae.testcases.Login@3e78b6a5]" started-at="2024-09-07T17:33:03 IST" name="verifyLoginWithCorrectCredentials" finished-at="2024-09-07T17:33:05 IST" duration-ms="2552" status="PASS">
          <reporter-output>
          </reporter-output>
        </test-method> <!-- verifyLoginWithCorrectCredentials -->
        <test-method is-config="true" signature="tearDown()[pri:0, instance:com.ae.testcases.Login@3e78b6a5]" started-at="2024-09-07T17:33:05 IST" name="tearDown" finished-at="2024-09-07T17:33:06 IST" duration-ms="759" status="PASS">
          <reporter-output>
          </reporter-output>
        </test-method> <!-- tearDown -->
        <test-method is-config="true" signature="setup()[pri:0, instance:com.ae.testcases.Login@3e78b6a5]" started-at="2024-09-07T17:33:06 IST" name="setup" finished-at="2024-09-07T17:33:14 IST" duration-ms="7903" status="PASS">
          <reporter-output>
          </reporter-output>
        </test-method> <!-- setup -->
        <test-method signature="verifyLoginWithInvalidEmailAndValidPassword()[pri:2, instance:com.ae.testcases.Login@3e78b6a5]" started-at="2024-09-07T17:33:14 IST" name="verifyLoginWithInvalidEmailAndValidPassword" finished-at="2024-09-07T17:33:16 IST" duration-ms="2088" status="PASS">
          <reporter-output>
          </reporter-output>
        </test-method> <!-- verifyLoginWithInvalidEmailAndValidPassword -->
        <test-method is-config="true" signature="tearDown()[pri:0, instance:com.ae.testcases.Login@3e78b6a5]" started-at="2024-09-07T17:33:16 IST" name="tearDown" finished-at="2024-09-07T17:33:17 IST" duration-ms="671" status="PASS">
          <reporter-output>
          </reporter-output>
        </test-method> <!-- tearDown -->
        <test-method is-config="true" signature="setup()[pri:0, instance:com.ae.testcases.Login@3e78b6a5]" started-at="2024-09-07T17:33:17 IST" name="setup" finished-at="2024-09-07T17:33:25 IST" duration-ms="8573" status="PASS">
          <reporter-output>
          </reporter-output>
        </test-method> <!-- setup -->
        <test-method signature="verifyLoginWithValidEmailAndInvalidPassword()[pri:3, instance:com.ae.testcases.Login@3e78b6a5]" started-at="2024-09-07T17:33:25 IST" name="verifyLoginWithValidEmailAndInvalidPassword" finished-at="2024-09-07T17:33:27 IST" duration-ms="1949" status="PASS">
          <reporter-output>
          </reporter-output>
        </test-method> <!-- verifyLoginWithValidEmailAndInvalidPassword -->
        <test-method is-config="true" signature="tearDown()[pri:0, instance:com.ae.testcases.Login@3e78b6a5]" started-at="2024-09-07T17:33:27 IST" name="tearDown" finished-at="2024-09-07T17:33:28 IST" duration-ms="424" status="PASS">
          <reporter-output>
          </reporter-output>
        </test-method> <!-- tearDown -->
        <test-method is-config="true" signature="setup()[pri:0, instance:com.ae.testcases.Login@3e78b6a5]" started-at="2024-09-07T17:33:28 IST" name="setup" finished-at="2024-09-07T17:33:36 IST" duration-ms="8299" status="PASS">
          <reporter-output>
          </reporter-output>
        </test-method> <!-- setup -->
        <test-method signature="verifyLoginWithInvalidCredentials()[pri:4, instance:com.ae.testcases.Login@3e78b6a5]" started-at="2024-09-07T17:33:36 IST" name="verifyLoginWithInvalidCredentials" finished-at="2024-09-07T17:33:38 IST" duration-ms="2106" status="PASS">
          <reporter-output>
          </reporter-output>
        </test-method> <!-- verifyLoginWithInvalidCredentials -->
        <test-method is-config="true" signature="tearDown()[pri:0, instance:com.ae.testcases.Login@3e78b6a5]" started-at="2024-09-07T17:33:38 IST" name="tearDown" finished-at="2024-09-07T17:33:39 IST" duration-ms="587" status="PASS">
          <reporter-output>
          </reporter-output>
        </test-method> <!-- tearDown -->
      </class> <!-- com.ae.testcases.Login -->
    </test> <!-- Default test -->
  </suite> <!-- Default suite -->
</testng-results>
